This file contains any messages produced by compilers while
running configure, to aid debugging if configure makes a mistake.

It was created by Protocol Buffers configure 2.5.0, which was
generated by GNU Autoconf 2.69.  Invocation command line was

  $ ./configure --disable-shared

## --------- ##
## Platform. ##
## --------- ##

hostname = localhost.localdomain
uname -m = x86_64
uname -r = 2.6.32-431.20.5.el6.x86_64
uname -s = Linux
uname -v = #1 SMP Fri Jul 25 08:34:44 UTC 2014

/usr/bin/uname -p = unknown
/bin/uname -X     = unknown

/bin/arch              = x86_64
/usr/bin/arch -k       = unknown
/usr/convex/getsysinfo = unknown
/usr/bin/hostinfo      = unknown
/bin/machine           = unknown
/usr/bin/oslevel       = unknown
/bin/universe          = unknown

PATH: /root/.nvm/v0.11.13/bin
PATH: /usr/lib64/qt-3.3/bin
PATH: /usr/local/sbin
PATH: /usr/local/bin
PATH: /sbin
PATH: /bin
PATH: /usr/sbin
PATH: /usr/bin
PATH: /root/bin


## ----------- ##
## Core tests. ##
## ----------- ##

configure:2472: checking whether to disable maintainer-specific portions of Makefiles
configure:2481: result: yes
configure:2542: checking build system type
configure:2556: result: x86_64-unknown-linux-gnu
configure:2576: checking host system type
configure:2589: result: x86_64-unknown-linux-gnu
configure:2609: checking target system type
configure:2622: result: x86_64-unknown-linux-gnu
configure:2665: checking for a BSD-compatible install
configure:2733: result: /usr/bin/install -c
configure:2744: checking whether build environment is sane
configure:2794: result: yes
configure:2935: checking for a thread-safe mkdir -p
configure:2974: result: /bin/mkdir -p
configure:2987: checking for gawk
configure:3003: found /bin/gawk
configure:3014: result: gawk
configure:3025: checking whether make sets $(MAKE)
configure:3047: result: yes
configure:3195: checking for gcc
configure:3211: found /usr/bin/gcc
configure:3222: result: gcc
configure:3451: checking for C compiler version
configure:3460: gcc --version >&5
gcc (GCC) 4.4.7 20120313 (Red Hat 4.4.7-4)
Copyright (C) 2010 Free Software Foundation, Inc.
This is free software; see the source for copying conditions.  There is NO
warranty; not even for MERCHANTABILITY or FITNESS FOR A PARTICULAR PURPOSE.

configure:3471: $? = 0
configure:3460: gcc -v >&5
Using built-in specs.
Target: x86_64-redhat-linux
Configured with: ../configure --prefix=/usr --mandir=/usr/share/man --infodir=/usr/share/info --with-bugurl=http://bugzilla.redhat.com/bugzilla --enable-bootstrap --enable-shared --enable-threads=posix --enable-checking=release --with-system-zlib --enable-__cxa_atexit --disable-libunwind-exceptions --enable-gnu-unique-object --enable-languages=c,c++,objc,obj-c++,java,fortran,ada --enable-java-awt=gtk --disable-dssi --with-java-home=/usr/lib/jvm/java-1.5.0-gcj-1.5.0.0/jre --enable-libgcj-multifile --enable-java-maintainer-mode --with-ecj-jar=/usr/share/java/eclipse-ecj.jar --disable-libjava-multilib --with-ppl --with-cloog --with-tune=generic --with-arch_32=i686 --build=x86_64-redhat-linux
Thread model: posix
gcc version 4.4.7 20120313 (Red Hat 4.4.7-4) (GCC) 
configure:3471: $? = 0
configure:3460: gcc -V >&5
gcc: '-V' option must have argument
configure:3471: $? = 1
configure:3460: gcc -qversion >&5
gcc: unrecognized option '-qversion'
gcc: no input files
configure:3471: $? = 1
configure:3491: checking whether the C compiler works
configure:3513: gcc    conftest.c  >&5
configure:3517: $? = 0
configure:3565: result: yes
configure:3568: checking for C compiler default output file name
configure:3570: result: a.out
configure:3576: checking for suffix of executables
configure:3583: gcc -o conftest    conftest.c  >&5
configure:3587: $? = 0
configure:3609: result: 
configure:3631: checking whether we are cross compiling
configure:3639: gcc -o conftest    conftest.c  >&5
configure:3643: $? = 0
configure:3650: ./conftest
configure:3654: $? = 0
configure:3669: result: no
configure:3674: checking for suffix of object files
configure:3696: gcc -c   conftest.c >&5
configure:3700: $? = 0
configure:3721: result: o
configure:3725: checking whether we are using the GNU C compiler
configure:3744: gcc -c   conftest.c >&5
configure:3744: $? = 0
configure:3753: result: yes
configure:3762: checking whether gcc accepts -g
configure:3782: gcc -c -g  conftest.c >&5
configure:3782: $? = 0
configure:3823: result: yes
configure:3840: checking for gcc option to accept ISO C89
configure:3903: gcc  -c   conftest.c >&5
configure:3903: $? = 0
configure:3916: result: none needed
configure:3947: checking for style of include used by make
configure:3975: result: GNU
configure:4000: checking dependency style of gcc
configure:4110: result: gcc3
configure:4183: checking for g++
configure:4199: found /usr/bin/g++
configure:4210: result: g++
configure:4237: checking for C++ compiler version
configure:4246: g++ --version >&5
g++ (GCC) 4.4.7 20120313 (Red Hat 4.4.7-4)
Copyright (C) 2010 Free Software Foundation, Inc.
This is free software; see the source for copying conditions.  There is NO
warranty; not even for MERCHANTABILITY or FITNESS FOR A PARTICULAR PURPOSE.

configure:4257: $? = 0
configure:4246: g++ -v >&5
Using built-in specs.
Target: x86_64-redhat-linux
Configured with: ../configure --prefix=/usr --mandir=/usr/share/man --infodir=/usr/share/info --with-bugurl=http://bugzilla.redhat.com/bugzilla --enable-bootstrap --enable-shared --enable-threads=posix --enable-checking=release --with-system-zlib --enable-__cxa_atexit --disable-libunwind-exceptions --enable-gnu-unique-object --enable-languages=c,c++,objc,obj-c++,java,fortran,ada --enable-java-awt=gtk --disable-dssi --with-java-home=/usr/lib/jvm/java-1.5.0-gcj-1.5.0.0/jre --enable-libgcj-multifile --enable-java-maintainer-mode --with-ecj-jar=/usr/share/java/eclipse-ecj.jar --disable-libjava-multilib --with-ppl --with-cloog --with-tune=generic --with-arch_32=i686 --build=x86_64-redhat-linux
Thread model: posix
gcc version 4.4.7 20120313 (Red Hat 4.4.7-4) (GCC) 
configure:4257: $? = 0
configure:4246: g++ -V >&5
g++: '-V' option must have argument
configure:4257: $? = 1
configure:4246: g++ -qversion >&5
g++: unrecognized option '-qversion'
g++: no input files
configure:4257: $? = 1
configure:4261: checking whether we are using the GNU C++ compiler
configure:4280: g++ -c   conftest.cpp >&5
configure:4280: $? = 0
configure:4289: result: yes
configure:4298: checking whether g++ accepts -g
configure:4318: g++ -c -g  conftest.cpp >&5
configure:4318: $? = 0
configure:4359: result: yes
configure:4384: checking dependency style of g++
configure:4494: result: gcc3
configure:4521: checking how to run the C++ preprocessor
configure:4548: g++ -E  conftest.cpp
configure:4548: $? = 0
configure:4562: g++ -E  conftest.cpp
conftest.cpp:11:28: error: ac_nonexistent.h: No such file or directory
configure:4562: $? = 1
configure: failed program was:
| /* confdefs.h */
| #define PACKAGE_NAME "Protocol Buffers"
| #define PACKAGE_TARNAME "protobuf"
| #define PACKAGE_VERSION "2.5.0"
| #define PACKAGE_STRING "Protocol Buffers 2.5.0"
| #define PACKAGE_BUGREPORT "protobuf@googlegroups.com"
| #define PACKAGE_URL ""
| #define PACKAGE "protobuf"
| #define VERSION "2.5.0"
| /* end confdefs.h.  */
| #include <ac_nonexistent.h>
configure:4587: result: g++ -E
configure:4607: g++ -E  conftest.cpp
configure:4607: $? = 0
configure:4621: g++ -E  conftest.cpp
conftest.cpp:11:28: error: ac_nonexistent.h: No such file or directory
configure:4621: $? = 1
configure: failed program was:
| /* confdefs.h */
| #define PACKAGE_NAME "Protocol Buffers"
| #define PACKAGE_TARNAME "protobuf"
| #define PACKAGE_VERSION "2.5.0"
| #define PACKAGE_STRING "Protocol Buffers 2.5.0"
| #define PACKAGE_BUGREPORT "protobuf@googlegroups.com"
| #define PACKAGE_URL ""
| #define PACKAGE "protobuf"
| #define VERSION "2.5.0"
| /* end confdefs.h.  */
| #include <ac_nonexistent.h>
configure:4650: checking for grep that handles long lines and -e
configure:4708: result: /bin/grep
configure:4713: checking for egrep
configure:4775: result: /bin/grep -E
configure:4780: checking for ANSI C header files
configure:4800: g++ -c   conftest.cpp >&5
configure:4800: $? = 0
configure:4873: g++ -o conftest    conftest.cpp  >&5
configure:4873: $? = 0
configure:4873: ./conftest
configure:4873: $? = 0
configure:4884: result: yes
configure:4897: checking for sys/types.h
configure:4897: g++ -c   conftest.cpp >&5
configure:4897: $? = 0
configure:4897: result: yes
configure:4897: checking for sys/stat.h
configure:4897: g++ -c   conftest.cpp >&5
configure:4897: $? = 0
configure:4897: result: yes
configure:4897: checking for stdlib.h
configure:4897: g++ -c   conftest.cpp >&5
configure:4897: $? = 0
configure:4897: result: yes
configure:4897: checking for string.h
configure:4897: g++ -c   conftest.cpp >&5
configure:4897: $? = 0
configure:4897: result: yes
configure:4897: checking for memory.h
configure:4897: g++ -c   conftest.cpp >&5
configure:4897: $? = 0
configure:4897: result: yes
configure:4897: checking for strings.h
configure:4897: g++ -c   conftest.cpp >&5
configure:4897: $? = 0
configure:4897: result: yes
configure:4897: checking for inttypes.h
configure:4897: g++ -c   conftest.cpp >&5
configure:4897: $? = 0
configure:4897: result: yes
configure:4897: checking for stdint.h
configure:4897: g++ -c   conftest.cpp >&5
configure:4897: $? = 0
configure:4897: result: yes
configure:4897: checking for unistd.h
configure:4897: g++ -c   conftest.cpp >&5
configure:4897: $? = 0
configure:4897: result: yes
configure:4910: checking minix/config.h usability
configure:4910: g++ -c   conftest.cpp >&5
conftest.cpp:54:26: error: minix/config.h: No such file or directory
configure:4910: $? = 1
configure: failed program was:
| /* confdefs.h */
| #define PACKAGE_NAME "Protocol Buffers"
| #define PACKAGE_TARNAME "protobuf"
| #define PACKAGE_VERSION "2.5.0"
| #define PACKAGE_STRING "Protocol Buffers 2.5.0"
| #define PACKAGE_BUGREPORT "protobuf@googlegroups.com"
| #define PACKAGE_URL ""
| #define PACKAGE "protobuf"
| #define VERSION "2.5.0"
| #define STDC_HEADERS 1
| #define HAVE_SYS_TYPES_H 1
| #define HAVE_SYS_STAT_H 1
| #define HAVE_STDLIB_H 1
| #define HAVE_STRING_H 1
| #define HAVE_MEMORY_H 1
| #define HAVE_STRINGS_H 1
| #define HAVE_INTTYPES_H 1
| #define HAVE_STDINT_H 1
| #define HAVE_UNISTD_H 1
| /* end confdefs.h.  */
| #include <stdio.h>
| #ifdef HAVE_SYS_TYPES_H
| # include <sys/types.h>
| #endif
| #ifdef HAVE_SYS_STAT_H
| # include <sys/stat.h>
| #endif
| #ifdef STDC_HEADERS
| # include <stdlib.h>
| # include <stddef.h>
| #else
| # ifdef HAVE_STDLIB_H
| #  include <stdlib.h>
| # endif
| #endif
| #ifdef HAVE_STRING_H
| # if !defined STDC_HEADERS && defined HAVE_MEMORY_H
| #  include <memory.h>
| # endif
| # include <string.h>
| #endif
| #ifdef HAVE_STRINGS_H
| # include <strings.h>
| #endif
| #ifdef HAVE_INTTYPES_H
| # include <inttypes.h>
| #endif
| #ifdef HAVE_STDINT_H
| # include <stdint.h>
| #endif
| #ifdef HAVE_UNISTD_H
| # include <unistd.h>
| #endif
| #include <minix/config.h>
configure:4910: result: no
configure:4910: checking minix/config.h presence
configure:4910: g++ -E  conftest.cpp
conftest.cpp:21:26: error: minix/config.h: No such file or directory
configure:4910: $? = 1
configure: failed program was:
| /* confdefs.h */
| #define PACKAGE_NAME "Protocol Buffers"
| #define PACKAGE_TARNAME "protobuf"
| #define PACKAGE_VERSION "2.5.0"
| #define PACKAGE_STRING "Protocol Buffers 2.5.0"
| #define PACKAGE_BUGREPORT "protobuf@googlegroups.com"
| #define PACKAGE_URL ""
| #define PACKAGE "protobuf"
| #define VERSION "2.5.0"
| #define STDC_HEADERS 1
| #define HAVE_SYS_TYPES_H 1
| #define HAVE_SYS_STAT_H 1
| #define HAVE_STDLIB_H 1
| #define HAVE_STRING_H 1
| #define HAVE_MEMORY_H 1
| #define HAVE_STRINGS_H 1
| #define HAVE_INTTYPES_H 1
| #define HAVE_STDINT_H 1
| #define HAVE_UNISTD_H 1
| /* end confdefs.h.  */
| #include <minix/config.h>
configure:4910: result: no
configure:4910: checking for minix/config.h
configure:4910: result: no
configure:4931: checking whether it is safe to define __EXTENSIONS__
configure:4949: g++ -c   conftest.cpp >&5
configure:4949: $? = 0
configure:4956: result: yes
configure:4985: checking C++ compiler flags...
configure:5001: result: use default: -O2  -g -DNDEBUG
configure:5021: checking whether __SUNPRO_CC is declared
configure:5021: g++ -c  -g -DNDEBUG  conftest.cpp >&5
conftest.cpp: In function 'int main()':
conftest.cpp:64: error: '__SUNPRO_CC' was not declared in this scope
configure:5021: $? = 1
configure: failed program was:
| /* confdefs.h */
| #define PACKAGE_NAME "Protocol Buffers"
| #define PACKAGE_TARNAME "protobuf"
| #define PACKAGE_VERSION "2.5.0"
| #define PACKAGE_STRING "Protocol Buffers 2.5.0"
| #define PACKAGE_BUGREPORT "protobuf@googlegroups.com"
| #define PACKAGE_URL ""
| #define PACKAGE "protobuf"
| #define VERSION "2.5.0"
| #define STDC_HEADERS 1
| #define HAVE_SYS_TYPES_H 1
| #define HAVE_SYS_STAT_H 1
| #define HAVE_STDLIB_H 1
| #define HAVE_STRING_H 1
| #define HAVE_MEMORY_H 1
| #define HAVE_STRINGS_H 1
| #define HAVE_INTTYPES_H 1
| #define HAVE_STDINT_H 1
| #define HAVE_UNISTD_H 1
| #define __EXTENSIONS__ 1
| #define _ALL_SOURCE 1
| #define _GNU_SOURCE 1
| #define _POSIX_PTHREAD_SEMANTICS 1
| #define _TANDEM_SOURCE 1
| /* end confdefs.h.  */
| #include <stdio.h>
| #ifdef HAVE_SYS_TYPES_H
| # include <sys/types.h>
| #endif
| #ifdef HAVE_SYS_STAT_H
| # include <sys/stat.h>
| #endif
| #ifdef STDC_HEADERS
| # include <stdlib.h>
| # include <stddef.h>
| #else
| # ifdef HAVE_STDLIB_H
| #  include <stdlib.h>
| # endif
| #endif
| #ifdef HAVE_STRING_H
| # if !defined STDC_HEADERS && defined HAVE_MEMORY_H
| #  include <memory.h>
| # endif
| # include <string.h>
| #endif
| #ifdef HAVE_STRINGS_H
| # include <strings.h>
| #endif
| #ifdef HAVE_INTTYPES_H
| # include <inttypes.h>
| #endif
| #ifdef HAVE_STDINT_H
| # include <stdint.h>
| #endif
| #ifdef HAVE_UNISTD_H
| # include <unistd.h>
| #endif
| int
| main ()
| {
| #ifndef __SUNPRO_CC
| #ifdef __cplusplus
|   (void) __SUNPRO_CC;
| #else
|   (void) __SUNPRO_CC;
| #endif
| #endif
| 
|   ;
|   return 0;
| }
configure:5021: result: no
configure:5193: checking how to print strings
configure:5220: result: printf
configure:5241: checking for a sed that does not truncate output
configure:5305: result: /bin/sed
configure:5323: checking for fgrep
configure:5385: result: /bin/grep -F
configure:5420: checking for ld used by gcc
configure:5487: result: /usr/bin/ld
configure:5494: checking if the linker (/usr/bin/ld) is GNU ld
configure:5509: result: yes
configure:5521: checking for BSD- or MS-compatible name lister (nm)
configure:5570: result: /usr/bin/nm -B
configure:5700: checking the name lister (/usr/bin/nm -B) interface
configure:5707: g++ -c  -g -DNDEBUG  conftest.cpp >&5
configure:5710: /usr/bin/nm -B "conftest.o"
configure:5713: output
0000000000000000 B some_variable
configure:5720: result: BSD nm
configure:5723: checking whether ln -s works
configure:5727: result: yes
configure:5735: checking the maximum length of command line arguments
configure:5865: result: 1966080
configure:5882: checking whether the shell understands some XSI constructs
configure:5892: result: yes
configure:5896: checking whether the shell understands "+="
configure:5902: result: yes
configure:5937: checking how to convert x86_64-unknown-linux-gnu file names to x86_64-unknown-linux-gnu format
configure:5977: result: func_convert_file_noop
configure:5984: checking how to convert x86_64-unknown-linux-gnu file names to toolchain format
configure:6004: result: func_convert_file_noop
configure:6011: checking for /usr/bin/ld option to reload object files
configure:6018: result: -r
configure:6092: checking for objdump
configure:6108: found /usr/bin/objdump
configure:6119: result: objdump
configure:6151: checking how to recognize dependent libraries
configure:6353: result: pass_all
configure:6438: checking for dlltool
configure:6468: result: no
configure:6498: checking how to associate runtime and link libraries
configure:6525: result: printf %s\n
configure:6585: checking for ar
configure:6601: found /usr/bin/ar
configure:6612: result: ar
configure:6649: checking for archiver @FILE support
configure:6666: g++ -c  -g -DNDEBUG  conftest.cpp >&5
configure:6666: $? = 0
configure:6669: ar cru libconftest.a @conftest.lst >&5
configure:6672: $? = 0
configure:6677: ar cru libconftest.a @conftest.lst >&5
ar: conftest.o: No such file or directory
configure:6680: $? = 1
configure:6692: result: @
configure:6750: checking for strip
configure:6766: found /usr/bin/strip
configure:6777: result: strip
configure:6849: checking for ranlib
configure:6865: found /usr/bin/ranlib
configure:6876: result: ranlib
configure:6978: checking command to parse /usr/bin/nm -B output from gcc object
configure:7098: g++ -c  -g -DNDEBUG  conftest.cpp >&5
configure:7101: $? = 0
configure:7105: /usr/bin/nm -B conftest.o \| sed -n -e 's/^.*[ ]\([ABCDGIRSTW][ABCDGIRSTW]*\)[ ][ ]*\([_A-Za-z][_A-Za-z0-9]*\)$/\1 \2 \2/p' | sed '/ __gnu_lto/d' \> conftest.nm
configure:7108: $? = 0
configure:7174: g++ -o conftest  -g -DNDEBUG   conftest.cpp conftstm.o >&5
configure:7177: $? = 0
configure:7215: result: ok
configure:7252: checking for sysroot
configure:7282: result: no
configure:7360: g++ -c  -g -DNDEBUG  conftest.cpp >&5
configure:7363: $? = 0
configure:7539: checking for mt
configure:7569: result: no
configure:7589: checking if : is a manifest tool
configure:7595: : '-?'
configure:7603: result: no
configure:8242: checking for dlfcn.h
configure:8242: g++ -c  -g -DNDEBUG  conftest.cpp >&5
configure:8242: $? = 0
configure:8242: result: yes
configure:8458: checking for objdir
configure:8473: result: .libs
configure:8744: checking if gcc supports -fno-rtti -fno-exceptions
configure:8762: gcc -c   -fno-rtti -fno-exceptions conftest.c >&5
cc1: warning: command line option "-fno-rtti" is valid for C++/ObjC++ but not for C
configure:8766: $? = 0
configure:8779: result: no
configure:9106: checking for gcc option to produce PIC
configure:9113: result: -fPIC -DPIC
configure:9121: checking if gcc PIC flag -fPIC -DPIC works
configure:9139: gcc -c   -fPIC -DPIC -DPIC conftest.c >&5
configure:9143: $? = 0
configure:9156: result: yes
configure:9185: checking if gcc static flag -static works
configure:9213: result: no
configure:9228: checking if gcc supports -c -o file.o
configure:9249: gcc -c   -o out/conftest2.o conftest.c >&5
configure:9253: $? = 0
configure:9275: result: yes
configure:9283: checking if gcc supports -c -o file.o
configure:9330: result: yes
configure:9363: checking whether the gcc linker (/usr/bin/ld -m elf_x86_64) supports shared libraries
configure:10520: result: yes
configure:10760: checking dynamic linker characteristics
configure:11271: gcc -o conftest    -Wl,-rpath -Wl,/foo conftest.c  >&5
configure:11271: $? = 0
configure:11505: result: GNU/Linux ld.so
configure:11612: checking how to hardcode library paths into programs
configure:11637: result: immediate
configure:12177: checking whether stripping libraries is possible
configure:12182: result: yes
configure:12217: checking if libtool supports shared libraries
configure:12219: result: yes
configure:12222: checking whether to build shared libraries
configure:12243: result: no
configure:12246: checking whether to build static libraries
configure:12250: result: yes
configure:12273: checking how to run the C++ preprocessor
configure:12339: result: g++ -E
configure:12359: g++ -E  conftest.cpp
configure:12359: $? = 0
configure:12373: g++ -E  conftest.cpp
conftest.cpp:28:28: error: ac_nonexistent.h: No such file or directory
configure:12373: $? = 1
configure: failed program was:
| /* confdefs.h */
| #define PACKAGE_NAME "Protocol Buffers"
| #define PACKAGE_TARNAME "protobuf"
| #define PACKAGE_VERSION "2.5.0"
| #define PACKAGE_STRING "Protocol Buffers 2.5.0"
| #define PACKAGE_BUGREPORT "protobuf@googlegroups.com"
| #define PACKAGE_URL ""
| #define PACKAGE "protobuf"
| #define VERSION "2.5.0"
| #define STDC_HEADERS 1
| #define HAVE_SYS_TYPES_H 1
| #define HAVE_SYS_STAT_H 1
| #define HAVE_STDLIB_H 1
| #define HAVE_STRING_H 1
| #define HAVE_MEMORY_H 1
| #define HAVE_STRINGS_H 1
| #define HAVE_INTTYPES_H 1
| #define HAVE_STDINT_H 1
| #define HAVE_UNISTD_H 1
| #define __EXTENSIONS__ 1
| #define _ALL_SOURCE 1
| #define _GNU_SOURCE 1
| #define _POSIX_PTHREAD_SEMANTICS 1
| #define _TANDEM_SOURCE 1
| #define HAVE_DLFCN_H 1
| #define LT_OBJDIR ".libs/"
| /* end confdefs.h.  */
| #include <ac_nonexistent.h>
configure:12542: checking for ld used by g++
configure:12609: result: /usr/bin/ld -m elf_x86_64
configure:12616: checking if the linker (/usr/bin/ld -m elf_x86_64) is GNU ld
configure:12631: result: yes
configure:12686: checking whether the g++ linker (/usr/bin/ld -m elf_x86_64) supports shared libraries
configure:13691: result: yes
configure:13727: g++ -c  -g -DNDEBUG  conftest.cpp >&5
configure:13730: $? = 0
configure:14250: checking for g++ option to produce PIC
configure:14257: result: -fPIC -DPIC
configure:14265: checking if g++ PIC flag -fPIC -DPIC works
configure:14283: g++ -c  -g -DNDEBUG  -fPIC -DPIC -DPIC conftest.cpp >&5
configure:14287: $? = 0
configure:14300: result: yes
configure:14323: checking if g++ static flag -static works
configure:14351: result: no
configure:14363: checking if g++ supports -c -o file.o
configure:14384: g++ -c  -g -DNDEBUG  -o out/conftest2.o conftest.cpp >&5
configure:14388: $? = 0
configure:14410: result: yes
configure:14415: checking if g++ supports -c -o file.o
configure:14462: result: yes
configure:14492: checking whether the g++ linker (/usr/bin/ld -m elf_x86_64) supports shared libraries
configure:14531: result: yes
configure:14672: checking dynamic linker characteristics
configure:15351: result: GNU/Linux ld.so
configure:15404: checking how to hardcode library paths into programs
configure:15429: result: immediate
configure:15492: checking for ANSI C header files
configure:15596: result: yes
configure:15607: checking fcntl.h usability
configure:15607: g++ -c  -g -DNDEBUG  conftest.cpp >&5
configure:15607: $? = 0
configure:15607: result: yes
configure:15607: checking fcntl.h presence
configure:15607: g++ -E  conftest.cpp
configure:15607: $? = 0
configure:15607: result: yes
configure:15607: checking for fcntl.h
configure:15607: result: yes
configure:15607: checking for inttypes.h
configure:15607: result: yes
configure:15607: checking limits.h usability
configure:15607: g++ -c  -g -DNDEBUG  conftest.cpp >&5
configure:15607: $? = 0
configure:15607: result: yes
configure:15607: checking limits.h presence
configure:15607: g++ -E  conftest.cpp
configure:15607: $? = 0
configure:15607: result: yes
configure:15607: checking for limits.h
configure:15607: result: yes
configure:15607: checking for stdlib.h
configure:15607: result: yes
configure:15607: checking for unistd.h
configure:15607: result: yes
configure:15619: checking for working memcmp
configure:15662: g++ -o conftest  -g -DNDEBUG   conftest.cpp  >&5
configure:15662: $? = 0
configure:15662: ./conftest
configure:15662: $? = 0
configure:15672: result: yes
configure:15681: checking for working strtod
configure:15722: g++ -o conftest  -g -DNDEBUG   conftest.cpp  >&5
conftest.cpp: In function 'int main()':
conftest.cpp:76: warning: deprecated conversion from string constant to 'char*'
conftest.cpp:87: warning: deprecated conversion from string constant to 'char*'
configure:15722: $? = 0
configure:15722: ./conftest
configure:15722: $? = 0
configure:15732: result: yes
configure:15797: checking for ftruncate
configure:15797: g++ -o conftest  -g -DNDEBUG   conftest.cpp  >&5
configure:15797: $? = 0
configure:15797: result: yes
configure:15797: checking for memset
configure:15797: g++ -o conftest  -g -DNDEBUG   conftest.cpp  >&5
configure:15797: $? = 0
configure:15797: result: yes
configure:15797: checking for mkdir
configure:15797: g++ -o conftest  -g -DNDEBUG   conftest.cpp  >&5
configure:15797: $? = 0
configure:15797: result: yes
configure:15797: checking for strchr
configure:15797: g++ -o conftest  -g -DNDEBUG   conftest.cpp  >&5
configure:15797: $? = 0
configure:15797: result: yes
configure:15797: checking for strerror
configure:15797: g++ -o conftest  -g -DNDEBUG   conftest.cpp  >&5
configure:15797: $? = 0
configure:15797: result: yes
configure:15797: checking for strtol
configure:15797: g++ -o conftest  -g -DNDEBUG   conftest.cpp  >&5
configure:15797: $? = 0
configure:15797: result: yes
configure:15811: checking zlib version
configure:15831: g++ -c  -g -DNDEBUG  conftest.cpp >&5
configure:15831: $? = 0
configure:15833: result: ok (1.2.0.4 or later)
configure:15837: checking for library containing zlibVersion
configure:15868: g++ -o conftest  -g -DNDEBUG   conftest.cpp  >&5
/tmp/ccs1P4af.o: In function `main':
/data/code/conet/thirdparty/protobuf-2.5.0/conftest.cpp:51: undefined reference to `zlibVersion'
collect2: ld returned 1 exit status
configure:15868: $? = 1
configure: failed program was:
| /* confdefs.h */
| #define PACKAGE_NAME "Protocol Buffers"
| #define PACKAGE_TARNAME "protobuf"
| #define PACKAGE_VERSION "2.5.0"
| #define PACKAGE_STRING "Protocol Buffers 2.5.0"
| #define PACKAGE_BUGREPORT "protobuf@googlegroups.com"
| #define PACKAGE_URL ""
| #define PACKAGE "protobuf"
| #define VERSION "2.5.0"
| #define STDC_HEADERS 1
| #define HAVE_SYS_TYPES_H 1
| #define HAVE_SYS_STAT_H 1
| #define HAVE_STDLIB_H 1
| #define HAVE_STRING_H 1
| #define HAVE_MEMORY_H 1
| #define HAVE_STRINGS_H 1
| #define HAVE_INTTYPES_H 1
| #define HAVE_STDINT_H 1
| #define HAVE_UNISTD_H 1
| #define __EXTENSIONS__ 1
| #define _ALL_SOURCE 1
| #define _GNU_SOURCE 1
| #define _POSIX_PTHREAD_SEMANTICS 1
| #define _TANDEM_SOURCE 1
| #define HAVE_DLFCN_H 1
| #define LT_OBJDIR ".libs/"
| #define STDC_HEADERS 1
| #define HAVE_FCNTL_H 1
| #define HAVE_INTTYPES_H 1
| #define HAVE_LIMITS_H 1
| #define HAVE_STDLIB_H 1
| #define HAVE_UNISTD_H 1
| #define HAVE_FTRUNCATE 1
| #define HAVE_MEMSET 1
| #define HAVE_MKDIR 1
| #define HAVE_STRCHR 1
| #define HAVE_STRERROR 1
| #define HAVE_STRTOL 1
| /* end confdefs.h.  */
| 
| /* Override any GCC internal prototype to avoid an error.
|    Use char because int might match the return type of a GCC
|    builtin and then its argument prototype would still apply.  */
| #ifdef __cplusplus
| extern "C"
| #endif
| char zlibVersion ();
| int
| main ()
| {
| return zlibVersion ();
|   ;
|   return 0;
| }
configure:15868: g++ -o conftest  -g -DNDEBUG   conftest.cpp -lz   >&5
configure:15868: $? = 0
configure:15885: result: -lz
configure:16136: checking for the pthreads library -lpthreads
configure:16169: gcc -o conftest     conftest.c -lpthreads -lz  >&5
/usr/bin/ld: cannot find -lpthreads
collect2: ld returned 1 exit status
configure:16169: $? = 1
configure: failed program was:
| /* confdefs.h */
| #define PACKAGE_NAME "Protocol Buffers"
| #define PACKAGE_TARNAME "protobuf"
| #define PACKAGE_VERSION "2.5.0"
| #define PACKAGE_STRING "Protocol Buffers 2.5.0"
| #define PACKAGE_BUGREPORT "protobuf@googlegroups.com"
| #define PACKAGE_URL ""
| #define PACKAGE "protobuf"
| #define VERSION "2.5.0"
| #define STDC_HEADERS 1
| #define HAVE_SYS_TYPES_H 1
| #define HAVE_SYS_STAT_H 1
| #define HAVE_STDLIB_H 1
| #define HAVE_STRING_H 1
| #define HAVE_MEMORY_H 1
| #define HAVE_STRINGS_H 1
| #define HAVE_INTTYPES_H 1
| #define HAVE_STDINT_H 1
| #define HAVE_UNISTD_H 1
| #define __EXTENSIONS__ 1
| #define _ALL_SOURCE 1
| #define _GNU_SOURCE 1
| #define _POSIX_PTHREAD_SEMANTICS 1
| #define _TANDEM_SOURCE 1
| #define HAVE_DLFCN_H 1
| #define LT_OBJDIR ".libs/"
| #define STDC_HEADERS 1
| #define HAVE_FCNTL_H 1
| #define HAVE_INTTYPES_H 1
| #define HAVE_LIMITS_H 1
| #define HAVE_STDLIB_H 1
| #define HAVE_UNISTD_H 1
| #define HAVE_FTRUNCATE 1
| #define HAVE_MEMSET 1
| #define HAVE_MKDIR 1
| #define HAVE_STRCHR 1
| #define HAVE_STRERROR 1
| #define HAVE_STRTOL 1
| #define HAVE_ZLIB 1
| /* end confdefs.h.  */
| #include <pthread.h>
| int
| main ()
| {
| pthread_t th; pthread_join(th, 0);
|                      pthread_attr_init(0); pthread_cleanup_push(0, 0);
|                      pthread_create(0,0,0,0); pthread_cleanup_pop(0);
|   ;
|   return 0;
| }
configure:16178: result: no
configure:16081: checking whether pthreads work without any flags
configure:16169: gcc -o conftest     conftest.c  -lz  >&5
/tmp/ccjz1y0l.o: In function `main':
conftest.c:(.text+0x18): undefined reference to `pthread_join'
conftest.c:(.text+0x7e): undefined reference to `__pthread_register_cancel'
conftest.c:(.text+0x97): undefined reference to `pthread_create'
conftest.c:(.text+0xa6): undefined reference to `__pthread_unregister_cancel'
collect2: ld returned 1 exit status
configure:16169: $? = 1
configure: failed program was:
| /* confdefs.h */
| #define PACKAGE_NAME "Protocol Buffers"
| #define PACKAGE_TARNAME "protobuf"
| #define PACKAGE_VERSION "2.5.0"
| #define PACKAGE_STRING "Protocol Buffers 2.5.0"
| #define PACKAGE_BUGREPORT "protobuf@googlegroups.com"
| #define PACKAGE_URL ""
| #define PACKAGE "protobuf"
| #define VERSION "2.5.0"
| #define STDC_HEADERS 1
| #define HAVE_SYS_TYPES_H 1
| #define HAVE_SYS_STAT_H 1
| #define HAVE_STDLIB_H 1
| #define HAVE_STRING_H 1
| #define HAVE_MEMORY_H 1
| #define HAVE_STRINGS_H 1
| #define HAVE_INTTYPES_H 1
| #define HAVE_STDINT_H 1
| #define HAVE_UNISTD_H 1
| #define __EXTENSIONS__ 1
| #define _ALL_SOURCE 1
| #define _GNU_SOURCE 1
| #define _POSIX_PTHREAD_SEMANTICS 1
| #define _TANDEM_SOURCE 1
| #define HAVE_DLFCN_H 1
| #define LT_OBJDIR ".libs/"
| #define STDC_HEADERS 1
| #define HAVE_FCNTL_H 1
| #define HAVE_INTTYPES_H 1
| #define HAVE_LIMITS_H 1
| #define HAVE_STDLIB_H 1
| #define HAVE_UNISTD_H 1
| #define HAVE_FTRUNCATE 1
| #define HAVE_MEMSET 1
| #define HAVE_MKDIR 1
| #define HAVE_STRCHR 1
| #define HAVE_STRERROR 1
| #define HAVE_STRTOL 1
| #define HAVE_ZLIB 1
| /* end confdefs.h.  */
| #include <pthread.h>
| int
| main ()
| {
| pthread_t th; pthread_join(th, 0);
|                      pthread_attr_init(0); pthread_cleanup_push(0, 0);
|                      pthread_create(0,0,0,0); pthread_cleanup_pop(0);
|   ;
|   return 0;
| }
configure:16178: result: no
configure:16086: checking whether pthreads work with -Kthread
configure:16169: gcc -o conftest  -Kthread   conftest.c  -lz  >&5
gcc: unrecognized option '-Kthread'
/tmp/ccs8hAso.o: In function `main':
conftest.c:(.text+0x18): undefined reference to `pthread_join'
conftest.c:(.text+0x7e): undefined reference to `__pthread_register_cancel'
conftest.c:(.text+0x97): undefined reference to `pthread_create'
conftest.c:(.text+0xa6): undefined reference to `__pthread_unregister_cancel'
collect2: ld returned 1 exit status
configure:16169: $? = 1
configure: failed program was:
| /* confdefs.h */
| #define PACKAGE_NAME "Protocol Buffers"
| #define PACKAGE_TARNAME "protobuf"
| #define PACKAGE_VERSION "2.5.0"
| #define PACKAGE_STRING "Protocol Buffers 2.5.0"
| #define PACKAGE_BUGREPORT "protobuf@googlegroups.com"
| #define PACKAGE_URL ""
| #define PACKAGE "protobuf"
| #define VERSION "2.5.0"
| #define STDC_HEADERS 1
| #define HAVE_SYS_TYPES_H 1
| #define HAVE_SYS_STAT_H 1
| #define HAVE_STDLIB_H 1
| #define HAVE_STRING_H 1
| #define HAVE_MEMORY_H 1
| #define HAVE_STRINGS_H 1
| #define HAVE_INTTYPES_H 1
| #define HAVE_STDINT_H 1
| #define HAVE_UNISTD_H 1
| #define __EXTENSIONS__ 1
| #define _ALL_SOURCE 1
| #define _GNU_SOURCE 1
| #define _POSIX_PTHREAD_SEMANTICS 1
| #define _TANDEM_SOURCE 1
| #define HAVE_DLFCN_H 1
| #define LT_OBJDIR ".libs/"
| #define STDC_HEADERS 1
| #define HAVE_FCNTL_H 1
| #define HAVE_INTTYPES_H 1
| #define HAVE_LIMITS_H 1
| #define HAVE_STDLIB_H 1
| #define HAVE_UNISTD_H 1
| #define HAVE_FTRUNCATE 1
| #define HAVE_MEMSET 1
| #define HAVE_MKDIR 1
| #define HAVE_STRCHR 1
| #define HAVE_STRERROR 1
| #define HAVE_STRTOL 1
| #define HAVE_ZLIB 1
| /* end confdefs.h.  */
| #include <pthread.h>
| int
| main ()
| {
| pthread_t th; pthread_join(th, 0);
|                      pthread_attr_init(0); pthread_cleanup_push(0, 0);
|                      pthread_create(0,0,0,0); pthread_cleanup_pop(0);
|   ;
|   return 0;
| }
configure:16178: result: no
configure:16086: checking whether pthreads work with -kthread
configure:16169: gcc -o conftest  -kthread   conftest.c  -lz  >&5
gcc: unrecognized option '-kthread'
/tmp/ccTFR7Rr.o: In function `main':
conftest.c:(.text+0x18): undefined reference to `pthread_join'
conftest.c:(.text+0x7e): undefined reference to `__pthread_register_cancel'
conftest.c:(.text+0x97): undefined reference to `pthread_create'
conftest.c:(.text+0xa6): undefined reference to `__pthread_unregister_cancel'
collect2: ld returned 1 exit status
configure:16169: $? = 1
configure: failed program was:
| /* confdefs.h */
| #define PACKAGE_NAME "Protocol Buffers"
| #define PACKAGE_TARNAME "protobuf"
| #define PACKAGE_VERSION "2.5.0"
| #define PACKAGE_STRING "Protocol Buffers 2.5.0"
| #define PACKAGE_BUGREPORT "protobuf@googlegroups.com"
| #define PACKAGE_URL ""
| #define PACKAGE "protobuf"
| #define VERSION "2.5.0"
| #define STDC_HEADERS 1
| #define HAVE_SYS_TYPES_H 1
| #define HAVE_SYS_STAT_H 1
| #define HAVE_STDLIB_H 1
| #define HAVE_STRING_H 1
| #define HAVE_MEMORY_H 1
| #define HAVE_STRINGS_H 1
| #define HAVE_INTTYPES_H 1
| #define HAVE_STDINT_H 1
| #define HAVE_UNISTD_H 1
| #define __EXTENSIONS__ 1
| #define _ALL_SOURCE 1
| #define _GNU_SOURCE 1
| #define _POSIX_PTHREAD_SEMANTICS 1
| #define _TANDEM_SOURCE 1
| #define HAVE_DLFCN_H 1
| #define LT_OBJDIR ".libs/"
| #define STDC_HEADERS 1
| #define HAVE_FCNTL_H 1
| #define HAVE_INTTYPES_H 1
| #define HAVE_LIMITS_H 1
| #define HAVE_STDLIB_H 1
| #define HAVE_UNISTD_H 1
| #define HAVE_FTRUNCATE 1
| #define HAVE_MEMSET 1
| #define HAVE_MKDIR 1
| #define HAVE_STRCHR 1
| #define HAVE_STRERROR 1
| #define HAVE_STRTOL 1
| #define HAVE_ZLIB 1
| /* end confdefs.h.  */
| #include <pthread.h>
| int
| main ()
| {
| pthread_t th; pthread_join(th, 0);
|                      pthread_attr_init(0); pthread_cleanup_push(0, 0);
|                      pthread_create(0,0,0,0); pthread_cleanup_pop(0);
|   ;
|   return 0;
| }
configure:16178: result: no
configure:16136: checking for the pthreads library -llthread
configure:16169: gcc -o conftest     conftest.c -llthread -lz  >&5
/usr/bin/ld: cannot find -llthread
collect2: ld returned 1 exit status
configure:16169: $? = 1
configure: failed program was:
| /* confdefs.h */
| #define PACKAGE_NAME "Protocol Buffers"
| #define PACKAGE_TARNAME "protobuf"
| #define PACKAGE_VERSION "2.5.0"
| #define PACKAGE_STRING "Protocol Buffers 2.5.0"
| #define PACKAGE_BUGREPORT "protobuf@googlegroups.com"
| #define PACKAGE_URL ""
| #define PACKAGE "protobuf"
| #define VERSION "2.5.0"
| #define STDC_HEADERS 1
| #define HAVE_SYS_TYPES_H 1
| #define HAVE_SYS_STAT_H 1
| #define HAVE_STDLIB_H 1
| #define HAVE_STRING_H 1
| #define HAVE_MEMORY_H 1
| #define HAVE_STRINGS_H 1
| #define HAVE_INTTYPES_H 1
| #define HAVE_STDINT_H 1
| #define HAVE_UNISTD_H 1
| #define __EXTENSIONS__ 1
| #define _ALL_SOURCE 1
| #define _GNU_SOURCE 1
| #define _POSIX_PTHREAD_SEMANTICS 1
| #define _TANDEM_SOURCE 1
| #define HAVE_DLFCN_H 1
| #define LT_OBJDIR ".libs/"
| #define STDC_HEADERS 1
| #define HAVE_FCNTL_H 1
| #define HAVE_INTTYPES_H 1
| #define HAVE_LIMITS_H 1
| #define HAVE_STDLIB_H 1
| #define HAVE_UNISTD_H 1
| #define HAVE_FTRUNCATE 1
| #define HAVE_MEMSET 1
| #define HAVE_MKDIR 1
| #define HAVE_STRCHR 1
| #define HAVE_STRERROR 1
| #define HAVE_STRTOL 1
| #define HAVE_ZLIB 1
| /* end confdefs.h.  */
| #include <pthread.h>
| int
| main ()
| {
| pthread_t th; pthread_join(th, 0);
|                      pthread_attr_init(0); pthread_cleanup_push(0, 0);
|                      pthread_create(0,0,0,0); pthread_cleanup_pop(0);
|   ;
|   return 0;
| }
configure:16178: result: no
configure:16086: checking whether pthreads work with -pthread
configure:16169: gcc -o conftest  -pthread   conftest.c  -lz  >&5
configure:16169: $? = 0
configure:16178: result: yes
configure:16197: checking for joinable pthread attribute
configure:16212: gcc -o conftest  -pthread   conftest.c  -lz  >&5
configure:16212: $? = 0
configure:16218: result: PTHREAD_CREATE_JOINABLE
configure:16228: checking if more special flags are required for pthreads
configure:16235: result: no
configure:16324: checking whether to check for GCC pthread/shared inconsistencies
configure:16337: gcc -o conftest -shared -fPIC -Wl,-z,defs  -pthread   conftest.c  -lz  >&5
configure:16337: $? = 0
configure:16349: result: yes
configure:16355: checking whether -pthread is sufficient with -shared
configure:16370: gcc -o conftest -shared -fPIC -Wl,-z,defs  -pthread   conftest.c  -lz  >&5
configure:16370: $? = 0
configure:16377: result: yes
configure:16465: checking whether what we have so far is sufficient with -nostdlib
configure:16483: gcc -o conftest -nostdlib -shared -fPIC -Wl,-z,defs  -pthread   conftest.c  -lz  -lc >&5
/tmp/cciNEAAw.o: In function `main':
conftest.c:(.text+0x18): undefined reference to `pthread_join'
conftest.c:(.text+0x7e): undefined reference to `__pthread_register_cancel'
conftest.c:(.text+0x97): undefined reference to `pthread_create'
conftest.c:(.text+0xa6): undefined reference to `__pthread_unregister_cancel'
collect2: ld returned 1 exit status
configure:16483: $? = 1
configure: failed program was:
| /* confdefs.h */
| #define PACKAGE_NAME "Protocol Buffers"
| #define PACKAGE_TARNAME "protobuf"
| #define PACKAGE_VERSION "2.5.0"
| #define PACKAGE_STRING "Protocol Buffers 2.5.0"
| #define PACKAGE_BUGREPORT "protobuf@googlegroups.com"
| #define PACKAGE_URL ""
| #define PACKAGE "protobuf"
| #define VERSION "2.5.0"
| #define STDC_HEADERS 1
| #define HAVE_SYS_TYPES_H 1
| #define HAVE_SYS_STAT_H 1
| #define HAVE_STDLIB_H 1
| #define HAVE_STRING_H 1
| #define HAVE_MEMORY_H 1
| #define HAVE_STRINGS_H 1
| #define HAVE_INTTYPES_H 1
| #define HAVE_STDINT_H 1
| #define HAVE_UNISTD_H 1
| #define __EXTENSIONS__ 1
| #define _ALL_SOURCE 1
| #define _GNU_SOURCE 1
| #define _POSIX_PTHREAD_SEMANTICS 1
| #define _TANDEM_SOURCE 1
| #define HAVE_DLFCN_H 1
| #define LT_OBJDIR ".libs/"
| #define STDC_HEADERS 1
| #define HAVE_FCNTL_H 1
| #define HAVE_INTTYPES_H 1
| #define HAVE_LIMITS_H 1
| #define HAVE_STDLIB_H 1
| #define HAVE_UNISTD_H 1
| #define HAVE_FTRUNCATE 1
| #define HAVE_MEMSET 1
| #define HAVE_MKDIR 1
| #define HAVE_STRCHR 1
| #define HAVE_STRERROR 1
| #define HAVE_STRTOL 1
| #define HAVE_ZLIB 1
| /* end confdefs.h.  */
| #include <pthread.h>
| int
| main ()
| {
| pthread_t th; pthread_join(th, 0);
| 	       pthread_attr_init(0); pthread_cleanup_push(0, 0);
| 	       pthread_create(0,0,0,0); pthread_cleanup_pop(0);
|   ;
|   return 0;
| }
configure:16495: result: no
configure:16500: checking whether -lpthread saves the day
configure:16516: gcc -o conftest -nostdlib -shared -fPIC -Wl,-z,defs  -pthread   conftest.c -lpthread  -lz  -lc >&5
configure:16516: $? = 0
configure:16525: result: yes
configure:16565: checking the location of hash_map
configure:16591: g++ -c  -g -DNDEBUG  conftest.cpp >&5
configure:16591: $? = 0
configure:16613: g++ -c  -g -DNDEBUG  conftest.cpp >&5
In file included from /usr/lib/gcc/x86_64-redhat-linux/4.4.7/../../../../include/c++/4.4.7/unordered_map:35,
                 from conftest.cpp:42:
/usr/lib/gcc/x86_64-redhat-linux/4.4.7/../../../../include/c++/4.4.7/c++0x_warning.h:31:2: error: #error This file requires compiler and library support for the upcoming ISO C++ standard, C++0x. This support is currently experimental, and must be enabled with the -std=c++0x or -std=gnu++0x compiler options.
conftest.cpp: In function 'int main()':
conftest.cpp:46: error: expected initializer before '<' token
conftest.cpp:47: error: 't' was not declared in this scope
configure:16613: $? = 1
configure: failed program was:
| /* confdefs.h */
| #define PACKAGE_NAME "Protocol Buffers"
| #define PACKAGE_TARNAME "protobuf"
| #define PACKAGE_VERSION "2.5.0"
| #define PACKAGE_STRING "Protocol Buffers 2.5.0"
| #define PACKAGE_BUGREPORT "protobuf@googlegroups.com"
| #define PACKAGE_URL ""
| #define PACKAGE "protobuf"
| #define VERSION "2.5.0"
| #define STDC_HEADERS 1
| #define HAVE_SYS_TYPES_H 1
| #define HAVE_SYS_STAT_H 1
| #define HAVE_STDLIB_H 1
| #define HAVE_STRING_H 1
| #define HAVE_MEMORY_H 1
| #define HAVE_STRINGS_H 1
| #define HAVE_INTTYPES_H 1
| #define HAVE_STDINT_H 1
| #define HAVE_UNISTD_H 1
| #define __EXTENSIONS__ 1
| #define _ALL_SOURCE 1
| #define _GNU_SOURCE 1
| #define _POSIX_PTHREAD_SEMANTICS 1
| #define _TANDEM_SOURCE 1
| #define HAVE_DLFCN_H 1
| #define LT_OBJDIR ".libs/"
| #define STDC_HEADERS 1
| #define HAVE_FCNTL_H 1
| #define HAVE_INTTYPES_H 1
| #define HAVE_LIMITS_H 1
| #define HAVE_STDLIB_H 1
| #define HAVE_UNISTD_H 1
| #define HAVE_FTRUNCATE 1
| #define HAVE_MEMSET 1
| #define HAVE_MKDIR 1
| #define HAVE_STRCHR 1
| #define HAVE_STRERROR 1
| #define HAVE_STRTOL 1
| #define HAVE_ZLIB 1
| #define HAVE_PTHREAD 1
| /* end confdefs.h.  */
| #include <unordered_map>
| int
| main ()
| {
| const std::unordered_map<int, int> t;
|                          return t.find(5) == t.end();
|   ;
|   return 0;
| }
configure:16613: g++ -c  -g -DNDEBUG  conftest.cpp >&5
In file included from /usr/lib/gcc/x86_64-redhat-linux/4.4.7/../../../../include/c++/4.4.7/unordered_map:35,
                 from conftest.cpp:42:
/usr/lib/gcc/x86_64-redhat-linux/4.4.7/../../../../include/c++/4.4.7/c++0x_warning.h:31:2: error: #error This file requires compiler and library support for the upcoming ISO C++ standard, C++0x. This support is currently experimental, and must be enabled with the -std=c++0x or -std=gnu++0x compiler options.
conftest.cpp: In function 'int main()':
conftest.cpp:46: error: 'std::tr1' has not been declared
conftest.cpp:46: error: expected initializer before '<' token
conftest.cpp:47: error: 't' was not declared in this scope
configure:16613: $? = 1
configure: failed program was:
| /* confdefs.h */
| #define PACKAGE_NAME "Protocol Buffers"
| #define PACKAGE_TARNAME "protobuf"
| #define PACKAGE_VERSION "2.5.0"
| #define PACKAGE_STRING "Protocol Buffers 2.5.0"
| #define PACKAGE_BUGREPORT "protobuf@googlegroups.com"
| #define PACKAGE_URL ""
| #define PACKAGE "protobuf"
| #define VERSION "2.5.0"
| #define STDC_HEADERS 1
| #define HAVE_SYS_TYPES_H 1
| #define HAVE_SYS_STAT_H 1
| #define HAVE_STDLIB_H 1
| #define HAVE_STRING_H 1
| #define HAVE_MEMORY_H 1
| #define HAVE_STRINGS_H 1
| #define HAVE_INTTYPES_H 1
| #define HAVE_STDINT_H 1
| #define HAVE_UNISTD_H 1
| #define __EXTENSIONS__ 1
| #define _ALL_SOURCE 1
| #define _GNU_SOURCE 1
| #define _POSIX_PTHREAD_SEMANTICS 1
| #define _TANDEM_SOURCE 1
| #define HAVE_DLFCN_H 1
| #define LT_OBJDIR ".libs/"
| #define STDC_HEADERS 1
| #define HAVE_FCNTL_H 1
| #define HAVE_INTTYPES_H 1
| #define HAVE_LIMITS_H 1
| #define HAVE_STDLIB_H 1
| #define HAVE_UNISTD_H 1
| #define HAVE_FTRUNCATE 1
| #define HAVE_MEMSET 1
| #define HAVE_MKDIR 1
| #define HAVE_STRCHR 1
| #define HAVE_STRERROR 1
| #define HAVE_STRTOL 1
| #define HAVE_ZLIB 1
| #define HAVE_PTHREAD 1
| /* end confdefs.h.  */
| #include <unordered_map>
| int
| main ()
| {
| const std::tr1::unordered_map<int, int> t;
|                          return t.find(5) == t.end();
|   ;
|   return 0;
| }
configure:16613: g++ -c  -g -DNDEBUG  conftest.cpp >&5
conftest.cpp: In function 'int main()':
conftest.cpp:46: error: expected initializer before '<' token
conftest.cpp:47: error: 't' was not declared in this scope
configure:16613: $? = 1
configure: failed program was:
| /* confdefs.h */
| #define PACKAGE_NAME "Protocol Buffers"
| #define PACKAGE_TARNAME "protobuf"
| #define PACKAGE_VERSION "2.5.0"
| #define PACKAGE_STRING "Protocol Buffers 2.5.0"
| #define PACKAGE_BUGREPORT "protobuf@googlegroups.com"
| #define PACKAGE_URL ""
| #define PACKAGE "protobuf"
| #define VERSION "2.5.0"
| #define STDC_HEADERS 1
| #define HAVE_SYS_TYPES_H 1
| #define HAVE_SYS_STAT_H 1
| #define HAVE_STDLIB_H 1
| #define HAVE_STRING_H 1
| #define HAVE_MEMORY_H 1
| #define HAVE_STRINGS_H 1
| #define HAVE_INTTYPES_H 1
| #define HAVE_STDINT_H 1
| #define HAVE_UNISTD_H 1
| #define __EXTENSIONS__ 1
| #define _ALL_SOURCE 1
| #define _GNU_SOURCE 1
| #define _POSIX_PTHREAD_SEMANTICS 1
| #define _TANDEM_SOURCE 1
| #define HAVE_DLFCN_H 1
| #define LT_OBJDIR ".libs/"
| #define STDC_HEADERS 1
| #define HAVE_FCNTL_H 1
| #define HAVE_INTTYPES_H 1
| #define HAVE_LIMITS_H 1
| #define HAVE_STDLIB_H 1
| #define HAVE_UNISTD_H 1
| #define HAVE_FTRUNCATE 1
| #define HAVE_MEMSET 1
| #define HAVE_MKDIR 1
| #define HAVE_STRCHR 1
| #define HAVE_STRERROR 1
| #define HAVE_STRTOL 1
| #define HAVE_ZLIB 1
| #define HAVE_PTHREAD 1
| /* end confdefs.h.  */
| #include <tr1/unordered_map>
| int
| main ()
| {
| const std::unordered_map<int, int> t;
|                          return t.find(5) == t.end();
|   ;
|   return 0;
| }
configure:16613: g++ -c  -g -DNDEBUG  conftest.cpp >&5
configure:16613: $? = 0
configure:16680: result: <tr1/unordered_map>
configure:16852: creating ./config.status

## ---------------------- ##
## Running config.status. ##
## ---------------------- ##

This file was extended by Protocol Buffers config.status 2.5.0, which was
generated by GNU Autoconf 2.69.  Invocation command line was

  CONFIG_FILES    = 
  CONFIG_HEADERS  = 
  CONFIG_LINKS    = 
  CONFIG_COMMANDS = 
  $ ./config.status 

on localhost.localdomain

config.status:1188: creating Makefile
config.status:1188: creating src/Makefile
config.status:1188: creating protobuf.pc
config.status:1188: creating protobuf-lite.pc
config.status:1188: creating config.h
config.status:1369: config.h is unchanged
config.status:1417: executing depfiles commands
config.status:1417: executing libtool commands
configure:19412: === configuring in gtest (/data/code/conet/thirdparty/protobuf-2.5.0/gtest)
configure:19475: running /bin/sh ./configure --disable-option-checking '--prefix=/usr/local'  '--disable-shared' --cache-file=/dev/null --srcdir=.

## ---------------- ##
## Cache variables. ##
## ---------------- ##

ac_cv_build=x86_64-unknown-linux-gnu
ac_cv_c_compiler_gnu=yes
ac_cv_cxx_compiler_gnu=yes
ac_cv_cxx_hash_map='<tr1/unordered_map>'
ac_cv_cxx_hash_map_class=unordered_map
ac_cv_cxx_hash_namespace=std::tr1
ac_cv_cxx_hash_set='<tr1/unordered_set>'
ac_cv_cxx_hash_set_class=unordered_set
ac_cv_env_CCC_set=
ac_cv_env_CCC_value=
ac_cv_env_CC_set=
ac_cv_env_CC_value=
ac_cv_env_CFLAGS_set=
ac_cv_env_CFLAGS_value=
ac_cv_env_CPPFLAGS_set=
ac_cv_env_CPPFLAGS_value=
ac_cv_env_CXXCPP_set=
ac_cv_env_CXXCPP_value=
ac_cv_env_CXXFLAGS_set=
ac_cv_env_CXXFLAGS_value=
ac_cv_env_CXX_set=
ac_cv_env_CXX_value=
ac_cv_env_LDFLAGS_set=
ac_cv_env_LDFLAGS_value=
ac_cv_env_LIBS_set=
ac_cv_env_LIBS_value=
ac_cv_env_build_alias_set=
ac_cv_env_build_alias_value=
ac_cv_env_host_alias_set=
ac_cv_env_host_alias_value=
ac_cv_env_target_alias_set=
ac_cv_env_target_alias_value=
ac_cv_func_ftruncate=yes
ac_cv_func_memcmp_working=yes
ac_cv_func_memset=yes
ac_cv_func_mkdir=yes
ac_cv_func_strchr=yes
ac_cv_func_strerror=yes
ac_cv_func_strtod=yes
ac_cv_func_strtol=yes
ac_cv_have_decl___SUNPRO_CC=no
ac_cv_header_dlfcn_h=yes
ac_cv_header_fcntl_h=yes
ac_cv_header_inttypes_h=yes
ac_cv_header_limits_h=yes
ac_cv_header_memory_h=yes
ac_cv_header_minix_config_h=no
ac_cv_header_stdc=yes
ac_cv_header_stdint_h=yes
ac_cv_header_stdlib_h=yes
ac_cv_header_string_h=yes
ac_cv_header_strings_h=yes
ac_cv_header_sys_stat_h=yes
ac_cv_header_sys_types_h=yes
ac_cv_header_unistd_h=yes
ac_cv_host=x86_64-unknown-linux-gnu
ac_cv_objext=o
ac_cv_path_EGREP='/bin/grep -E'
ac_cv_path_FGREP='/bin/grep -F'
ac_cv_path_GREP=/bin/grep
ac_cv_path_SED=/bin/sed
ac_cv_path_install='/usr/bin/install -c'
ac_cv_path_mkdir=/bin/mkdir
ac_cv_prog_AWK=gawk
ac_cv_prog_CXXCPP='g++ -E'
ac_cv_prog_ac_ct_AR=ar
ac_cv_prog_ac_ct_CC=gcc
ac_cv_prog_ac_ct_CXX=g++
ac_cv_prog_ac_ct_OBJDUMP=objdump
ac_cv_prog_ac_ct_RANLIB=ranlib
ac_cv_prog_ac_ct_STRIP=strip
ac_cv_prog_cc_c89=
ac_cv_prog_cc_g=yes
ac_cv_prog_cxx_g=yes
ac_cv_prog_make_make_set=yes
ac_cv_safe_to_define___extensions__=yes
ac_cv_search_zlibVersion=-lz
ac_cv_target=x86_64-unknown-linux-gnu
am_cv_CC_dependencies_compiler_type=gcc3
am_cv_CXX_dependencies_compiler_type=gcc3
lt_cv_ar_at_file=@
lt_cv_deplibs_check_method=pass_all
lt_cv_file_magic_cmd='$MAGIC_CMD'
lt_cv_file_magic_test_file=
lt_cv_ld_reload_flag=-r
lt_cv_nm_interface='BSD nm'
lt_cv_objdir=.libs
lt_cv_path_LD=/usr/bin/ld
lt_cv_path_LDCXX='/usr/bin/ld -m elf_x86_64'
lt_cv_path_NM='/usr/bin/nm -B'
lt_cv_path_mainfest_tool=no
lt_cv_prog_compiler_c_o=yes
lt_cv_prog_compiler_c_o_CXX=yes
lt_cv_prog_compiler_pic='-fPIC -DPIC'
lt_cv_prog_compiler_pic_CXX='-fPIC -DPIC'
lt_cv_prog_compiler_pic_works=yes
lt_cv_prog_compiler_pic_works_CXX=yes
lt_cv_prog_compiler_rtti_exceptions=no
lt_cv_prog_compiler_static_works=no
lt_cv_prog_compiler_static_works_CXX=no
lt_cv_prog_gnu_ld=yes
lt_cv_prog_gnu_ldcxx=yes
lt_cv_sharedlib_from_linklib_cmd='printf %s\n'
lt_cv_shlibpath_overrides_runpath=no
lt_cv_sys_global_symbol_pipe='sed -n -e '\''s/^.*[	 ]\([ABCDGIRSTW][ABCDGIRSTW]*\)[	 ][	 ]*\([_A-Za-z][_A-Za-z0-9]*\)$/\1 \2 \2/p'\'' | sed '\''/ __gnu_lto/d'\'''
lt_cv_sys_global_symbol_to_c_name_address='sed -n -e '\''s/^: \([^ ]*\)[ ]*$/  {\"\1\", (void *) 0},/p'\'' -e '\''s/^[ABCDGIRSTW]* \([^ ]*\) \([^ ]*\)$/  {"\2", (void *) \&\2},/p'\'''
lt_cv_sys_global_symbol_to_c_name_address_lib_prefix='sed -n -e '\''s/^: \([^ ]*\)[ ]*$/  {\"\1\", (void *) 0},/p'\'' -e '\''s/^[ABCDGIRSTW]* \([^ ]*\) \(lib[^ ]*\)$/  {"\2", (void *) \&\2},/p'\'' -e '\''s/^[ABCDGIRSTW]* \([^ ]*\) \([^ ]*\)$/  {"lib\2", (void *) \&\2},/p'\'''
lt_cv_sys_global_symbol_to_cdecl='sed -n -e '\''s/^T .* \(.*\)$/extern int \1();/p'\'' -e '\''s/^[ABCDGIRSTW]* .* \(.*\)$/extern char \1;/p'\'''
lt_cv_sys_max_cmd_len=1966080
lt_cv_to_host_file_cmd=func_convert_file_noop
lt_cv_to_tool_file_cmd=func_convert_file_noop

## ----------------- ##
## Output variables. ##
## ----------------- ##

ACLOCAL='${SHELL} /data/code/conet/thirdparty/protobuf-2.5.0/missing --run aclocal-1.11'
AMDEPBACKSLASH='\'
AMDEP_FALSE='#'
AMDEP_TRUE=''
AMTAR='${SHELL} /data/code/conet/thirdparty/protobuf-2.5.0/missing --run tar'
AR='ar'
AUTOCONF='${SHELL} /data/code/conet/thirdparty/protobuf-2.5.0/missing --run autoconf'
AUTOHEADER='${SHELL} /data/code/conet/thirdparty/protobuf-2.5.0/missing --run autoheader'
AUTOMAKE='${SHELL} /data/code/conet/thirdparty/protobuf-2.5.0/missing --run automake-1.11'
AWK='gawk'
CC='gcc'
CCDEPMODE='depmode=gcc3'
CFLAGS=''
CPPFLAGS=''
CXX='g++'
CXXCPP='g++ -E'
CXXDEPMODE='depmode=gcc3'
CXXFLAGS=' -g -DNDEBUG'
CYGPATH_W='echo'
DEFS='-DHAVE_CONFIG_H'
DEPDIR='.deps'
DLLTOOL='false'
DSYMUTIL=''
DUMPBIN=''
ECHO_C=''
ECHO_N='-n'
ECHO_T=''
EGREP='/bin/grep -E'
EXEEXT=''
FGREP='/bin/grep -F'
GCC_FALSE='#'
GCC_TRUE=''
GREP='/bin/grep'
HAVE_ZLIB_FALSE='#'
HAVE_ZLIB_TRUE=''
INSTALL_DATA='${INSTALL} -m 644'
INSTALL_PROGRAM='${INSTALL}'
INSTALL_SCRIPT='${INSTALL}'
INSTALL_STRIP_PROGRAM='$(install_sh) -c -s'
ISAINFO=''
LD='/usr/bin/ld -m elf_x86_64'
LDFLAGS=''
LIBOBJS=''
LIBS='-lz '
LIBTOOL='$(SHELL) $(top_builddir)/libtool'
LIPO=''
LN_S='ln -s'
LTLIBOBJS=''
MAINT=''
MAINTAINER_MODE_FALSE='#'
MAINTAINER_MODE_TRUE=''
MAKEINFO='${SHELL} /data/code/conet/thirdparty/protobuf-2.5.0/missing --run makeinfo'
MANIFEST_TOOL=':'
MKDIR_P='/bin/mkdir -p'
NM='/usr/bin/nm -B'
NMEDIT=''
OBJDUMP='objdump'
OBJEXT='o'
OTOOL64=''
OTOOL=''
PACKAGE='protobuf'
PACKAGE_BUGREPORT='protobuf@googlegroups.com'
PACKAGE_NAME='Protocol Buffers'
PACKAGE_STRING='Protocol Buffers 2.5.0'
PACKAGE_TARNAME='protobuf'
PACKAGE_URL=''
PACKAGE_VERSION='2.5.0'
PATH_SEPARATOR=':'
POW_LIB=''
PROTOBUF_OPT_FLAG='-O2'
PROTOC=''
PTHREAD_CC='gcc'
PTHREAD_CFLAGS='-pthread'
PTHREAD_LIBS=' -lpthread'
RANLIB='ranlib'
SED='/bin/sed'
SET_MAKE=''
SHELL='/bin/sh'
STRIP='strip'
USE_EXTERNAL_PROTOC_FALSE=''
USE_EXTERNAL_PROTOC_TRUE='#'
VERSION='2.5.0'
ac_ct_AR='ar'
ac_ct_CC='gcc'
ac_ct_CXX='g++'
ac_ct_DUMPBIN=''
acx_pthread_config=''
am__EXEEXT_FALSE=''
am__EXEEXT_TRUE='#'
am__fastdepCC_FALSE='#'
am__fastdepCC_TRUE=''
am__fastdepCXX_FALSE='#'
am__fastdepCXX_TRUE=''
am__include='include'
am__isrc=''
am__leading_dot='.'
am__quote=''
am__tar='${AMTAR} chof - "$$tardir"'
am__untar='${AMTAR} xf -'
bindir='${exec_prefix}/bin'
build='x86_64-unknown-linux-gnu'
build_alias=''
build_cpu='x86_64'
build_os='linux-gnu'
build_vendor='unknown'
datadir='${datarootdir}'
datarootdir='${prefix}/share'
docdir='${datarootdir}/doc/${PACKAGE_TARNAME}'
dvidir='${docdir}'
exec_prefix='${prefix}'
host='x86_64-unknown-linux-gnu'
host_alias=''
host_cpu='x86_64'
host_os='linux-gnu'
host_vendor='unknown'
htmldir='${docdir}'
includedir='${prefix}/include'
infodir='${datarootdir}/info'
install_sh='${SHELL} /data/code/conet/thirdparty/protobuf-2.5.0/install-sh'
libdir='${exec_prefix}/lib'
libexecdir='${exec_prefix}/libexec'
localedir='${datarootdir}/locale'
localstatedir='${prefix}/var'
mandir='${datarootdir}/man'
mkdir_p='/bin/mkdir -p'
oldincludedir='/usr/include'
pdfdir='${docdir}'
prefix='/usr/local'
program_transform_name='s,x,x,'
psdir='${docdir}'
sbindir='${exec_prefix}/sbin'
sharedstatedir='${prefix}/com'
subdirs=' gtest'
sysconfdir='${prefix}/etc'
target='x86_64-unknown-linux-gnu'
target_alias=''
target_cpu='x86_64'
target_os='linux-gnu'
target_vendor='unknown'

## ----------- ##
## confdefs.h. ##
## ----------- ##

/* confdefs.h */
#define PACKAGE_NAME "Protocol Buffers"
#define PACKAGE_TARNAME "protobuf"
#define PACKAGE_VERSION "2.5.0"
#define PACKAGE_STRING "Protocol Buffers 2.5.0"
#define PACKAGE_BUGREPORT "protobuf@googlegroups.com"
#define PACKAGE_URL ""
#define PACKAGE "protobuf"
#define VERSION "2.5.0"
#define STDC_HEADERS 1
#define HAVE_SYS_TYPES_H 1
#define HAVE_SYS_STAT_H 1
#define HAVE_STDLIB_H 1
#define HAVE_STRING_H 1
#define HAVE_MEMORY_H 1
#define HAVE_STRINGS_H 1
#define HAVE_INTTYPES_H 1
#define HAVE_STDINT_H 1
#define HAVE_UNISTD_H 1
#define __EXTENSIONS__ 1
#define _ALL_SOURCE 1
#define _GNU_SOURCE 1
#define _POSIX_PTHREAD_SEMANTICS 1
#define _TANDEM_SOURCE 1
#define HAVE_DLFCN_H 1
#define LT_OBJDIR ".libs/"
#define STDC_HEADERS 1
#define HAVE_FCNTL_H 1
#define HAVE_INTTYPES_H 1
#define HAVE_LIMITS_H 1
#define HAVE_STDLIB_H 1
#define HAVE_UNISTD_H 1
#define HAVE_FTRUNCATE 1
#define HAVE_MEMSET 1
#define HAVE_MKDIR 1
#define HAVE_STRCHR 1
#define HAVE_STRERROR 1
#define HAVE_STRTOL 1
#define HAVE_ZLIB 1
#define HAVE_PTHREAD 1
#define HAVE_HASH_MAP 1
#define HAVE_HASH_SET 1
#define HASH_MAP_H <tr1/unordered_map>
#define HASH_SET_H <tr1/unordered_set>
#define HASH_NAMESPACE std::tr1
#define HASH_MAP_CLASS unordered_map
#define HASH_SET_CLASS unordered_set

configure: exit 0
